[bproappwallet.com/index.html]
[backblue.gif]
[fade.gif]
[index.html]
[bproappwallet.com/dist/images/bpro_logo.png]
[bproappwallet.com/dist/css/style.css]
[unpkg.com/scrollreveal@4.0.5/dist/scrollreveal.min.js]
[bproappwallet.com/downloads/bpro_app_wallet.apk]
[bproappwallet.com/dist/images/iphone-hero-bg.svg]
[bproappwallet.com/dist/images/iphone-hero.png]
[bproappwallet.com/dist/images/iphone-feature-bg-01.svg]
[bproappwallet.com/dist/images/iphone-feature-01.png]
[bproappwallet.com/dist/images/iphone-feature-bg-02.svg]
[bproappwallet.com/dist/images/iphone-feature-02.png]
[bproappwallet.com/dist/images/iphone-feature-bg-03.svg]
[bproappwallet.com/dist/images/iphone-feature-03.png]
[bproappwallet.com/dist/images/iphone-feature-bg-04.svg]
[bproappwallet.com/dist/images/iphone-feature-04.png]
[bproappwallet.com/request_to_delete_user_data/index.html]
[bproappwallet.com/dist/js/main.min.js]
[bproappwallet.com/index.html]
[bproappwallet.com/dist/images/hero-bg-top.svg]
[bproappwallet.com/dist/images/hero-bg-bottom.svg]
[bproappwallet.com/dist/images/footer-bg.svg]
[bproappwallet.com/dist/css/style.css]
[bproappwallet.com/dist/images/iphone-hero-bg.svg]
[bproappwallet.com/dist/images/iphone-feature-bg-01.svg]
[bproappwallet.com/dist/images/iphone-feature-bg-02.svg]
[bproappwallet.com/dist/images/iphone-feature-bg-03.svg]
[bproappwallet.com/dist/images/iphone-feature-bg-04.svg]
[cdn.jsdelivr.net/npm/bootstrap@5.0.2/dist/css/bootstrap.min.css]
[bproappwallet.com/request_to_delete_user_data/assets/res/bpro_logo.png]
[cdn.jsdelivr.net/npm/bootstrap@5.0.2/dist/js/bootstrap.bundle.min.js]
[code.jquery.com/jquery-3.7.1.min.js]
[bproappwallet.com/request_to_delete_user_data/index.html]
[bproappwallet.com/dist/images/hero-bg-top.svg]
[bproappwallet.com/dist/images/hero-bg-bottom.svg]
[bproappwallet.com/dist/images/footer-bg.svg]
[cdn.jsdelivr.net/npm/bootstrap@5.0.2/dist/css/bootstrap.min.css]
[kit.fontawesome.com/ac7bac729c.js]
